<?xml version="1.0" encoding="UTF-8" ?>
<testsuite errors="0" failures="0" hostname="valtechuks-MacBook-Pro-2.local" name="racetrack.RegistrationTests" tests="1" time="0.011" timestamp="2011-04-27T22:03:03">
  <properties />
  <testcase classname="racetrack.RegistrationTests" name="testSomething" time="0.0070" />
  <system-out><![CDATA[--Output from testSomething--
]]></system-out>
  <system-err><![CDATA[--Output from testSomething--
]]></system-err>
</testsuite>
