<?xml version="1.0" encoding="UTF-8" ?>
<testsuite errors="0" failures="0" hostname="valtechuks-MacBook-Pro-2.local" name="racetrack.UserControllerTests" tests="3" time="0.566" timestamp="2011-05-16T00:22:21">
  <properties />
  <testcase classname="racetrack.UserControllerTests" name="testIndex" time="0.14" />
  <testcase classname="racetrack.UserControllerTests" name="testShow" time="0.341" />
  <testcase classname="racetrack.UserControllerTests" name="testAuthenticate" time="0.08" />
  <system-out><![CDATA[--Output from testIndex--
--Output from testShow--
--Output from testAuthenticate--
]]></system-out>
  <system-err><![CDATA[--Output from testIndex--
--Output from testShow--
--Output from testAuthenticate--
]]></system-err>
</testsuite>
