<?xml version="1.0" encoding="UTF-8" ?>
<testsuite errors="0" failures="0" hostname="valtechuks-MacBook-Pro-2.local" name="racetrack.UserControllerTests" tests="3" time="0.525" timestamp="2011-05-15T23:24:26">
  <properties />
  <testcase classname="racetrack.UserControllerTests" name="testIndex" time="0.081" />
  <testcase classname="racetrack.UserControllerTests" name="testShow" time="0.398" />
  <testcase classname="racetrack.UserControllerTests" name="testAuthenticate" time="0.04" />
  <system-out><![CDATA[--Output from testIndex--
--Output from testShow--
--Output from testAuthenticate--
]]></system-out>
  <system-err><![CDATA[--Output from testIndex--
--Output from testShow--
--Output from testAuthenticate--
]]></system-err>
</testsuite>
