<?xml version="1.0" encoding="UTF-8" ?>
<testsuite errors="0" failures="0" hostname="valtechuks-MacBook-Pro-2.local" name="racetrack.RaceTests" tests="1" time="0.019" timestamp="2011-05-15T23:24:26">
  <properties />
  <testcase classname="racetrack.RaceTests" name="testInMiles" time="0.016" />
  <system-out><![CDATA[--Output from testInMiles--
]]></system-out>
  <system-err><![CDATA[--Output from testInMiles--
]]></system-err>
</testsuite>
